<?xml version="1.0" encoding="UTF-8"?>
<!-- Generated by org.testng.reporters.JUnitReportReporter -->
<testsuite hostname="SYS-20150706ACK" name="com.toon.dubboTest.PassportInterface.run.UserTest" tests="2" failures="0" timestamp="20 Aug 2015 01:58:20 GMT" time="0.272" errors="0">
  <testcase name="testUpdateUserInfo" time="0.064" classname="com.toon.dubboTest.PassportInterface.run.UserTest"/>
  <testcase name="testUpdateUserInfo" time="0.208" classname="com.toon.dubboTest.PassportInterface.run.UserTest"/>
</testsuite> <!-- com.toon.dubboTest.PassportInterface.run.UserTest -->
